{"/mnt/c/Users/Owner/home/express-shopping-list/app.js": {"path":"/mnt/c/Users/Owner/home/express-shopping-list/app.js","statementMap":{"0":{"start":{"line":4,"column":16},"end":{"line":4,"column":34}},"1":{"start":{"line":5,"column":12},"end":{"line":5,"column":21}},"2":{"start":{"line":7,"column":19},"end":{"line":7,"column":46}},"3":{"start":{"line":9,"column":0},"end":{"line":9,"column":24}},"4":{"start":{"line":11,"column":0},"end":{"line":11,"column":30}},"5":{"start":{"line":13,"column":0},"end":{"line":13,"column":21}}},"fnMap":{},"branchMap":{},"s":{"0":1,"1":1,"2":1,"3":1,"4":1,"5":1},"f":{},"b":{},"_coverageSchema":"1a1c01bbd47fc00a2c39e90264f33305004495a9","hash":"21a0b310f20b338721b55cb4976507efbb009e8a"}
,"/mnt/c/Users/Owner/home/express-shopping-list/expressError.js": {"path":"/mnt/c/Users/Owner/home/express-shopping-list/expressError.js","statementMap":{"0":{"start":{"line":9,"column":4},"end":{"line":9,"column":12}},"1":{"start":{"line":10,"column":4},"end":{"line":10,"column":27}},"2":{"start":{"line":11,"column":4},"end":{"line":11,"column":25}},"3":{"start":{"line":19,"column":4},"end":{"line":19,"column":24}},"4":{"start":{"line":27,"column":4},"end":{"line":27,"column":24}},"5":{"start":{"line":35,"column":4},"end":{"line":35,"column":24}},"6":{"start":{"line":43,"column":4},"end":{"line":43,"column":24}},"7":{"start":{"line":47,"column":0},"end":{"line":53,"column":2}}},"fnMap":{"0":{"name":"(anonymous_0)","decl":{"start":{"line":8,"column":2},"end":{"line":8,"column":3}},"loc":{"start":{"line":8,"column":31},"end":{"line":12,"column":3}},"line":8},"1":{"name":"(anonymous_1)","decl":{"start":{"line":18,"column":2},"end":{"line":18,"column":3}},"loc":{"start":{"line":18,"column":37},"end":{"line":20,"column":3}},"line":18},"2":{"name":"(anonymous_2)","decl":{"start":{"line":26,"column":2},"end":{"line":26,"column":3}},"loc":{"start":{"line":26,"column":40},"end":{"line":28,"column":3}},"line":26},"3":{"name":"(anonymous_3)","decl":{"start":{"line":34,"column":2},"end":{"line":34,"column":3}},"loc":{"start":{"line":34,"column":39},"end":{"line":36,"column":3}},"line":34},"4":{"name":"(anonymous_4)","decl":{"start":{"line":42,"column":2},"end":{"line":42,"column":3}},"loc":{"start":{"line":42,"column":39},"end":{"line":44,"column":3}},"line":42}},"branchMap":{"0":{"loc":{"start":{"line":18,"column":14},"end":{"line":18,"column":35}},"type":"default-arg","locations":[{"start":{"line":18,"column":24},"end":{"line":18,"column":35}}],"line":18},"1":{"loc":{"start":{"line":26,"column":14},"end":{"line":26,"column":38}},"type":"default-arg","locations":[{"start":{"line":26,"column":24},"end":{"line":26,"column":38}}],"line":26},"2":{"loc":{"start":{"line":34,"column":14},"end":{"line":34,"column":37}},"type":"default-arg","locations":[{"start":{"line":34,"column":24},"end":{"line":34,"column":37}}],"line":34},"3":{"loc":{"start":{"line":42,"column":14},"end":{"line":42,"column":37}},"type":"default-arg","locations":[{"start":{"line":42,"column":24},"end":{"line":42,"column":37}}],"line":42}},"s":{"0":3,"1":3,"2":3,"3":2,"4":0,"5":1,"6":0,"7":1},"f":{"0":3,"1":2,"2":0,"3":1,"4":0},"b":{"0":[0],"1":[0],"2":[1],"3":[0]},"_coverageSchema":"1a1c01bbd47fc00a2c39e90264f33305004495a9","hash":"290709762ae6274d2283a5375c1b544672acca6d"}
,"/mnt/c/Users/Owner/home/express-shopping-list/fakeDb.js": {"path":"/mnt/c/Users/Owner/home/express-shopping-list/fakeDb.js","statementMap":{"0":{"start":{"line":3,"column":14},"end":{"line":6,"column":1}},"1":{"start":{"line":8,"column":0},"end":{"line":8,"column":27}}},"fnMap":{},"branchMap":{},"s":{"0":1,"1":1},"f":{},"b":{},"_coverageSchema":"1a1c01bbd47fc00a2c39e90264f33305004495a9","hash":"be08ce782cd6663f7ed86bef247eb9c66936a0c2"}
,"/mnt/c/Users/Owner/home/express-shopping-list/item-router.js": {"path":"/mnt/c/Users/Owner/home/express-shopping-list/item-router.js","statementMap":{"0":{"start":{"line":3,"column":16},"end":{"line":3,"column":34}},"1":{"start":{"line":5,"column":11},"end":{"line":5,"column":30}},"2":{"start":{"line":6,"column":15},"end":{"line":6,"column":35}},"3":{"start":{"line":7,"column":43},"end":{"line":7,"column":68}},"4":{"start":{"line":13,"column":0},"end":{"line":15,"column":3}},"5":{"start":{"line":14,"column":2},"end":{"line":14,"column":39}},"6":{"start":{"line":23,"column":0},"end":{"line":35,"column":3}},"7":{"start":{"line":24,"column":26},"end":{"line":24,"column":34}},"8":{"start":{"line":26,"column":2},"end":{"line":32,"column":3}},"9":{"start":{"line":27,"column":17},"end":{"line":27,"column":32}},"10":{"start":{"line":29,"column":4},"end":{"line":29,"column":24}},"11":{"start":{"line":31,"column":4},"end":{"line":31,"column":49}},"12":{"start":{"line":34,"column":2},"end":{"line":34,"column":30}},"13":{"start":{"line":41,"column":0},"end":{"line":51,"column":3}},"14":{"start":{"line":42,"column":19},"end":{"line":42,"column":29}},"15":{"start":{"line":44,"column":2},"end":{"line":48,"column":3}},"16":{"start":{"line":45,"column":4},"end":{"line":47,"column":5}},"17":{"start":{"line":46,"column":6},"end":{"line":46,"column":28}},"18":{"start":{"line":50,"column":2},"end":{"line":50,"column":44}},"19":{"start":{"line":58,"column":0},"end":{"line":76,"column":3}},"20":{"start":{"line":59,"column":26},"end":{"line":59,"column":34}},"21":{"start":{"line":61,"column":20},"end":{"line":61,"column":67}},"22":{"start":{"line":61,"column":44},"end":{"line":61,"column":66}},"23":{"start":{"line":63,"column":2},"end":{"line":73,"column":3}},"24":{"start":{"line":64,"column":4},"end":{"line":66,"column":5}},"25":{"start":{"line":65,"column":6},"end":{"line":65,"column":28}},"26":{"start":{"line":68,"column":4},"end":{"line":70,"column":5}},"27":{"start":{"line":69,"column":6},"end":{"line":69,"column":30}},"28":{"start":{"line":72,"column":4},"end":{"line":72,"column":44}},"29":{"start":{"line":75,"column":2},"end":{"line":75,"column":44}},"30":{"start":{"line":83,"column":0},"end":{"line":95,"column":3}},"31":{"start":{"line":84,"column":19},"end":{"line":84,"column":29}},"32":{"start":{"line":86,"column":18},"end":{"line":86,"column":66}},"33":{"start":{"line":86,"column":47},"end":{"line":86,"column":65}},"34":{"start":{"line":88,"column":2},"end":{"line":92,"column":3}},"35":{"start":{"line":89,"column":4},"end":{"line":89,"column":32}},"36":{"start":{"line":91,"column":4},"end":{"line":91,"column":44}},"37":{"start":{"line":94,"column":2},"end":{"line":94,"column":44}},"38":{"start":{"line":97,"column":0},"end":{"line":97,"column":24}}},"fnMap":{"0":{"name":"(anonymous_0)","decl":{"start":{"line":13,"column":16},"end":{"line":13,"column":17}},"loc":{"start":{"line":13,"column":36},"end":{"line":15,"column":1}},"line":13},"1":{"name":"(anonymous_1)","decl":{"start":{"line":23,"column":17},"end":{"line":23,"column":18}},"loc":{"start":{"line":23,"column":37},"end":{"line":35,"column":1}},"line":23},"2":{"name":"(anonymous_2)","decl":{"start":{"line":41,"column":21},"end":{"line":41,"column":22}},"loc":{"start":{"line":41,"column":41},"end":{"line":51,"column":1}},"line":41},"3":{"name":"(anonymous_3)","decl":{"start":{"line":58,"column":23},"end":{"line":58,"column":24}},"loc":{"start":{"line":58,"column":43},"end":{"line":76,"column":1}},"line":58},"4":{"name":"(anonymous_4)","decl":{"start":{"line":61,"column":34},"end":{"line":61,"column":35}},"loc":{"start":{"line":61,"column":44},"end":{"line":61,"column":66}},"line":61},"5":{"name":"(anonymous_5)","decl":{"start":{"line":83,"column":24},"end":{"line":83,"column":25}},"loc":{"start":{"line":83,"column":44},"end":{"line":95,"column":1}},"line":83},"6":{"name":"(anonymous_6)","decl":{"start":{"line":86,"column":37},"end":{"line":86,"column":38}},"loc":{"start":{"line":86,"column":47},"end":{"line":86,"column":65}},"line":86}},"branchMap":{"0":{"loc":{"start":{"line":26,"column":2},"end":{"line":32,"column":3}},"type":"if","locations":[{"start":{"line":26,"column":2},"end":{"line":32,"column":3}},{"start":{},"end":{}}],"line":26},"1":{"loc":{"start":{"line":26,"column":6},"end":{"line":26,"column":19}},"type":"binary-expr","locations":[{"start":{"line":26,"column":6},"end":{"line":26,"column":10}},{"start":{"line":26,"column":14},"end":{"line":26,"column":19}}],"line":26},"2":{"loc":{"start":{"line":45,"column":4},"end":{"line":47,"column":5}},"type":"if","locations":[{"start":{"line":45,"column":4},"end":{"line":47,"column":5}},{"start":{},"end":{}}],"line":45},"3":{"loc":{"start":{"line":63,"column":2},"end":{"line":73,"column":3}},"type":"if","locations":[{"start":{"line":63,"column":2},"end":{"line":73,"column":3}},{"start":{},"end":{}}],"line":63},"4":{"loc":{"start":{"line":64,"column":4},"end":{"line":66,"column":5}},"type":"if","locations":[{"start":{"line":64,"column":4},"end":{"line":66,"column":5}},{"start":{},"end":{}}],"line":64},"5":{"loc":{"start":{"line":68,"column":4},"end":{"line":70,"column":5}},"type":"if","locations":[{"start":{"line":68,"column":4},"end":{"line":70,"column":5}},{"start":{},"end":{}}],"line":68},"6":{"loc":{"start":{"line":88,"column":2},"end":{"line":92,"column":3}},"type":"if","locations":[{"start":{"line":88,"column":2},"end":{"line":92,"column":3}},{"start":{},"end":{}}],"line":88}},"s":{"0":1,"1":1,"2":1,"3":1,"4":1,"5":1,"6":1,"7":2,"8":2,"9":1,"10":1,"11":1,"12":1,"13":1,"14":2,"15":2,"16":3,"17":1,"18":1,"19":1,"20":2,"21":2,"22":2,"23":0,"24":0,"25":0,"26":0,"27":0,"28":0,"29":0,"30":1,"31":2,"32":2,"33":3,"34":2,"35":1,"36":1,"37":1,"38":1},"f":{"0":1,"1":2,"2":2,"3":2,"4":2,"5":2,"6":3},"b":{"0":[1,1],"1":[2,2],"2":[1,2],"3":[0,0],"4":[0,0],"5":[0,0],"6":[1,1]},"_coverageSchema":"1a1c01bbd47fc00a2c39e90264f33305004495a9","hash":"a043cdffecc6602f9db7432912ad5694b936dcc0"}
}
