TN:
SF:app.js
FNF:0
FNH:0
DA:4,1
DA:5,1
DA:7,1
DA:9,1
DA:11,1
DA:13,1
LF:6
LH:6
BRF:0
BRH:0
end_of_record
TN:
SF:expressError.js
FN:8,(anonymous_0)
FN:18,(anonymous_1)
FN:26,(anonymous_2)
FN:34,(anonymous_3)
FN:42,(anonymous_4)
FNF:5
FNH:3
FNDA:3,(anonymous_0)
FNDA:2,(anonymous_1)
FNDA:0,(anonymous_2)
FNDA:1,(anonymous_3)
FNDA:0,(anonymous_4)
DA:9,3
DA:10,3
DA:11,3
DA:19,2
DA:27,0
DA:35,1
DA:43,0
DA:47,1
LF:8
LH:6
BRDA:18,0,0,0
BRDA:26,1,0,0
BRDA:34,2,0,1
BRDA:42,3,0,0
BRF:4
BRH:1
end_of_record
TN:
SF:fakeDb.js
FNF:0
FNH:0
DA:3,1
DA:8,1
LF:2
LH:2
BRF:0
BRH:0
end_of_record
TN:
SF:item-router.js
FN:13,(anonymous_0)
FN:23,(anonymous_1)
FN:41,(anonymous_2)
FN:58,(anonymous_3)
FN:61,(anonymous_4)
FN:83,(anonymous_5)
FN:86,(anonymous_6)
FNF:7
FNH:7
FNDA:1,(anonymous_0)
FNDA:2,(anonymous_1)
FNDA:2,(anonymous_2)
FNDA:2,(anonymous_3)
FNDA:2,(anonymous_4)
FNDA:2,(anonymous_5)
FNDA:3,(anonymous_6)
DA:3,1
DA:5,1
DA:6,1
DA:7,1
DA:13,1
DA:14,1
DA:23,1
DA:24,2
DA:26,2
DA:27,1
DA:29,1
DA:31,1
DA:34,1
DA:41,1
DA:42,2
DA:44,2
DA:45,3
DA:46,1
DA:50,1
DA:58,1
DA:59,2
DA:61,2
DA:63,0
DA:64,0
DA:65,0
DA:68,0
DA:69,0
DA:72,0
DA:75,0
DA:83,1
DA:84,2
DA:86,3
DA:88,2
DA:89,1
DA:91,1
DA:94,1
DA:97,1
LF:37
LH:30
BRDA:26,0,0,1
BRDA:26,0,1,1
BRDA:26,1,0,2
BRDA:26,1,1,2
BRDA:45,2,0,1
BRDA:45,2,1,2
BRDA:63,3,0,0
BRDA:63,3,1,0
BRDA:64,4,0,0
BRDA:64,4,1,0
BRDA:68,5,0,0
BRDA:68,5,1,0
BRDA:88,6,0,1
BRDA:88,6,1,1
BRF:14
BRH:8
end_of_record
